[
  {
    "line": 2,
    "elements": [
      {
        "start_timestamp": "2021-02-21T15:52:45.620Z",
        "line": 17,
        "name": "Show records for count options",
        "description": "",
        "id": "as-a-librarian--i-should-be-able-to-see-book-records-on-user-page;show-records-for-count-options;;2",
        "type": "scenario",
        "keyword": "Scenario Outline",
        "steps": [
          {
            "result": {
              "duration": 5762000000,
              "status": "passed"
            },
            "line": 12,
            "name": "User logged in as librarian",
            "match": {
              "location": "com.LibraryCT.step_definitions.ShowBookRecord_StepDefinitions.user_logged_in_as_librarian()"
            },
            "keyword": "Given "
          },
          {
            "result": {
              "duration": 61000000,
              "status": "passed"
            },
            "line": 13,
            "name": "User click on \"Users\" link",
            "match": {
              "arguments": [
                {
                  "val": "\"Users\"",
                  "offset": 14
                }
              ],
              "location": "com.LibraryCT.step_definitions.ShowBookRecord_StepDefinitions.user_click_on_link(java.lang.String)"
            },
            "keyword": "When "
          },
          {
            "result": {
              "duration": 5410000000,
              "status": "passed"
            },
            "line": 14,
            "name": "Show records for \"5\" option see \"5\" of books",
            "match": {
              "arguments": [
                {
                  "val": "\"5\"",
                  "offset": 17
                },
                {
                  "val": "\"5\"",
                  "offset": 32
                }
              ],
              "location": "com.LibraryCT.step_definitions.ShowBookRecord_StepDefinitions.showRecordsForOptionSeeOfBooks(java.lang.String,java.lang.String)"
            },
            "keyword": "Then "
          }
        ],
        "tags": [
          {
            "name": "@1"
          },
          {
            "name": "@we"
          }
        ]
      },
      {
        "start_timestamp": "2021-02-21T15:52:56.969Z",
        "line": 18,
        "name": "Show records for count options",
        "description": "",
        "id": "as-a-librarian--i-should-be-able-to-see-book-records-on-user-page;show-records-for-count-options;;3",
        "type": "scenario",
        "keyword": "Scenario Outline",
        "steps": [
          {
            "result": {
              "error_message": "org.openqa.selenium.NoSuchElementException: no such element: Unable to locate element: {\"method\":\"css selector\",\"selector\":\"#inputEmail\"}\n  (Session info: chrome\u003d88.0.4324.182)\nFor documentation on this error, please visit: https://www.seleniumhq.org/exceptions/no_such_element.html\nBuild info: version: \u00273.141.59\u0027, revision: \u0027e82be7d358\u0027, time: \u00272018-11-14T08:17:03\u0027\nSystem info: host: \u0027Anas-MacBook-Pro.local\u0027, ip: \u00272601:240:c900:aba0:0:0:0:ca94%en0\u0027, os.name: \u0027Mac OS X\u0027, os.arch: \u0027x86_64\u0027, os.version: \u002710.15.7\u0027, java.version: \u00271.8.0_231\u0027\nDriver info: org.openqa.selenium.chrome.ChromeDriver\nCapabilities {acceptInsecureCerts: false, browserName: chrome, browserVersion: 88.0.4324.182, chrome: {chromedriverVersion: 88.0.4324.96 (68dba2d8a0b14..., userDataDir: /var/folders/qy/whrt3trd531...}, goog:chromeOptions: {debuggerAddress: localhost:50601}, javascriptEnabled: true, networkConnectionEnabled: false, pageLoadStrategy: normal, platform: MAC, platformName: MAC, proxy: Proxy(), setWindowRect: true, strictFileInteractability: false, timeouts: {implicit: 0, pageLoad: 300000, script: 30000}, unhandledPromptBehavior: dismiss and notify, webauthn:extension:largeBlob: true, webauthn:virtualAuthenticators: true}\nSession ID: ce422c3cb682cd068e3bbe7ebc44ebfa\n*** Element info: {Using\u003did, value\u003dinputEmail}\n\tat sun.reflect.NativeConstructorAccessorImpl.newInstance0(Native Method)\n\tat sun.reflect.NativeConstructorAccessorImpl.newInstance(NativeConstructorAccessorImpl.java:62)\n\tat sun.reflect.DelegatingConstructorAccessorImpl.newInstance(DelegatingConstructorAccessorImpl.java:45)\n\tat java.lang.reflect.Constructor.newInstance(Constructor.java:423)\n\tat org.openqa.selenium.remote.http.W3CHttpResponseCodec.createException(W3CHttpResponseCodec.java:187)\n\tat org.openqa.selenium.remote.http.W3CHttpResponseCodec.decode(W3CHttpResponseCodec.java:122)\n\tat org.openqa.selenium.remote.http.W3CHttpResponseCodec.decode(W3CHttpResponseCodec.java:49)\n\tat org.openqa.selenium.remote.HttpCommandExecutor.execute(HttpCommandExecutor.java:158)\n\tat org.openqa.selenium.remote.service.DriverCommandExecutor.execute(DriverCommandExecutor.java:83)\n\tat org.openqa.selenium.remote.RemoteWebDriver.execute(RemoteWebDriver.java:552)\n\tat org.openqa.selenium.remote.RemoteWebDriver.findElement(RemoteWebDriver.java:323)\n\tat org.openqa.selenium.remote.RemoteWebDriver.findElementById(RemoteWebDriver.java:372)\n\tat org.openqa.selenium.By$ById.findElement(By.java:188)\n\tat org.openqa.selenium.remote.RemoteWebDriver.findElement(RemoteWebDriver.java:315)\n\tat org.openqa.selenium.support.pagefactory.DefaultElementLocator.findElement(DefaultElementLocator.java:69)\n\tat org.openqa.selenium.support.pagefactory.internal.LocatingElementHandler.invoke(LocatingElementHandler.java:38)\n\tat com.sun.proxy.$Proxy15.sendKeys(Unknown Source)\n\tat com.LibraryCT.pages.LoginPage.loginToLibraryApp_Librarian(LoginPage.java:30)\n\tat com.LibraryCT.step_definitions.ShowBookRecord_StepDefinitions.user_logged_in_as_librarian(ShowBookRecord_StepDefinitions.java:25)\n\tat ✽.User logged in as librarian(file:///Users/anaganna/Desktop/libraryCT_b21/src/test/resources/features/ShowBookRecord.feature:12)\n",
              "duration": 573000000,
              "status": "failed"
            },
            "line": 12,
            "name": "User logged in as librarian",
            "match": {
              "location": "com.LibraryCT.step_definitions.ShowBookRecord_StepDefinitions.user_logged_in_as_librarian()"
            },
            "keyword": "Given "
          },
          {
            "result": {
              "status": "skipped"
            },
            "line": 13,
            "name": "User click on \"Users\" link",
            "match": {
              "arguments": [
                {
                  "val": "\"Users\"",
                  "offset": 14
                }
              ],
              "location": "com.LibraryCT.step_definitions.ShowBookRecord_StepDefinitions.user_click_on_link(java.lang.String)"
            },
            "keyword": "When "
          },
          {
            "result": {
              "status": "skipped"
            },
            "line": 14,
            "name": "Show records for \"10\" option see \"10\" of books",
            "match": {
              "arguments": [
                {
                  "val": "\"10\"",
                  "offset": 17
                },
                {
                  "val": "\"10\"",
                  "offset": 33
                }
              ],
              "location": "com.LibraryCT.step_definitions.ShowBookRecord_StepDefinitions.showRecordsForOptionSeeOfBooks(java.lang.String,java.lang.String)"
            },
            "keyword": "Then "
          }
        ],
        "tags": [
          {
            "name": "@1"
          },
          {
            "name": "@we"
          }
        ]
      },
      {
        "start_timestamp": "2021-02-21T15:52:57.606Z",
        "line": 19,
        "name": "Show records for count options",
        "description": "",
        "id": "as-a-librarian--i-should-be-able-to-see-book-records-on-user-page;show-records-for-count-options;;4",
        "type": "scenario",
        "keyword": "Scenario Outline",
        "steps": [
          {
            "result": {
              "error_message": "org.openqa.selenium.NoSuchElementException: no such element: Unable to locate element: {\"method\":\"css selector\",\"selector\":\"#inputEmail\"}\n  (Session info: chrome\u003d88.0.4324.182)\nFor documentation on this error, please visit: https://www.seleniumhq.org/exceptions/no_such_element.html\nBuild info: version: \u00273.141.59\u0027, revision: \u0027e82be7d358\u0027, time: \u00272018-11-14T08:17:03\u0027\nSystem info: host: \u0027Anas-MacBook-Pro.local\u0027, ip: \u00272601:240:c900:aba0:0:0:0:ca94%en0\u0027, os.name: \u0027Mac OS X\u0027, os.arch: \u0027x86_64\u0027, os.version: \u002710.15.7\u0027, java.version: \u00271.8.0_231\u0027\nDriver info: org.openqa.selenium.chrome.ChromeDriver\nCapabilities {acceptInsecureCerts: false, browserName: chrome, browserVersion: 88.0.4324.182, chrome: {chromedriverVersion: 88.0.4324.96 (68dba2d8a0b14..., userDataDir: /var/folders/qy/whrt3trd531...}, goog:chromeOptions: {debuggerAddress: localhost:50601}, javascriptEnabled: true, networkConnectionEnabled: false, pageLoadStrategy: normal, platform: MAC, platformName: MAC, proxy: Proxy(), setWindowRect: true, strictFileInteractability: false, timeouts: {implicit: 0, pageLoad: 300000, script: 30000}, unhandledPromptBehavior: dismiss and notify, webauthn:extension:largeBlob: true, webauthn:virtualAuthenticators: true}\nSession ID: ce422c3cb682cd068e3bbe7ebc44ebfa\n*** Element info: {Using\u003did, value\u003dinputEmail}\n\tat sun.reflect.NativeConstructorAccessorImpl.newInstance0(Native Method)\n\tat sun.reflect.NativeConstructorAccessorImpl.newInstance(NativeConstructorAccessorImpl.java:62)\n\tat sun.reflect.DelegatingConstructorAccessorImpl.newInstance(DelegatingConstructorAccessorImpl.java:45)\n\tat java.lang.reflect.Constructor.newInstance(Constructor.java:423)\n\tat org.openqa.selenium.remote.http.W3CHttpResponseCodec.createException(W3CHttpResponseCodec.java:187)\n\tat org.openqa.selenium.remote.http.W3CHttpResponseCodec.decode(W3CHttpResponseCodec.java:122)\n\tat org.openqa.selenium.remote.http.W3CHttpResponseCodec.decode(W3CHttpResponseCodec.java:49)\n\tat org.openqa.selenium.remote.HttpCommandExecutor.execute(HttpCommandExecutor.java:158)\n\tat org.openqa.selenium.remote.service.DriverCommandExecutor.execute(DriverCommandExecutor.java:83)\n\tat org.openqa.selenium.remote.RemoteWebDriver.execute(RemoteWebDriver.java:552)\n\tat org.openqa.selenium.remote.RemoteWebDriver.findElement(RemoteWebDriver.java:323)\n\tat org.openqa.selenium.remote.RemoteWebDriver.findElementById(RemoteWebDriver.java:372)\n\tat org.openqa.selenium.By$ById.findElement(By.java:188)\n\tat org.openqa.selenium.remote.RemoteWebDriver.findElement(RemoteWebDriver.java:315)\n\tat org.openqa.selenium.support.pagefactory.DefaultElementLocator.findElement(DefaultElementLocator.java:69)\n\tat org.openqa.selenium.support.pagefactory.internal.LocatingElementHandler.invoke(LocatingElementHandler.java:38)\n\tat com.sun.proxy.$Proxy15.sendKeys(Unknown Source)\n\tat com.LibraryCT.pages.LoginPage.loginToLibraryApp_Librarian(LoginPage.java:30)\n\tat com.LibraryCT.step_definitions.ShowBookRecord_StepDefinitions.user_logged_in_as_librarian(ShowBookRecord_StepDefinitions.java:25)\n\tat ✽.User logged in as librarian(file:///Users/anaganna/Desktop/libraryCT_b21/src/test/resources/features/ShowBookRecord.feature:12)\n",
              "duration": 246000000,
              "status": "failed"
            },
            "line": 12,
            "name": "User logged in as librarian",
            "match": {
              "location": "com.LibraryCT.step_definitions.ShowBookRecord_StepDefinitions.user_logged_in_as_librarian()"
            },
            "keyword": "Given "
          },
          {
            "result": {
              "duration": 1000000,
              "status": "skipped"
            },
            "line": 13,
            "name": "User click on \"Users\" link",
            "match": {
              "arguments": [
                {
                  "val": "\"Users\"",
                  "offset": 14
                }
              ],
              "location": "com.LibraryCT.step_definitions.ShowBookRecord_StepDefinitions.user_click_on_link(java.lang.String)"
            },
            "keyword": "When "
          },
          {
            "result": {
              "status": "skipped"
            },
            "line": 14,
            "name": "Show records for \"15\" option see \"15\" of books",
            "match": {
              "arguments": [
                {
                  "val": "\"15\"",
                  "offset": 17
                },
                {
                  "val": "\"15\"",
                  "offset": 33
                }
              ],
              "location": "com.LibraryCT.step_definitions.ShowBookRecord_StepDefinitions.showRecordsForOptionSeeOfBooks(java.lang.String,java.lang.String)"
            },
            "keyword": "Then "
          }
        ],
        "tags": [
          {
            "name": "@1"
          },
          {
            "name": "@we"
          }
        ]
      },
      {
        "start_timestamp": "2021-02-21T15:52:57.876Z",
        "line": 20,
        "name": "Show records for count options",
        "description": "",
        "id": "as-a-librarian--i-should-be-able-to-see-book-records-on-user-page;show-records-for-count-options;;5",
        "type": "scenario",
        "keyword": "Scenario Outline",
        "steps": [
          {
            "result": {
              "error_message": "org.openqa.selenium.NoSuchElementException: no such element: Unable to locate element: {\"method\":\"css selector\",\"selector\":\"#inputEmail\"}\n  (Session info: chrome\u003d88.0.4324.182)\nFor documentation on this error, please visit: https://www.seleniumhq.org/exceptions/no_such_element.html\nBuild info: version: \u00273.141.59\u0027, revision: \u0027e82be7d358\u0027, time: \u00272018-11-14T08:17:03\u0027\nSystem info: host: \u0027Anas-MacBook-Pro.local\u0027, ip: \u00272601:240:c900:aba0:0:0:0:ca94%en0\u0027, os.name: \u0027Mac OS X\u0027, os.arch: \u0027x86_64\u0027, os.version: \u002710.15.7\u0027, java.version: \u00271.8.0_231\u0027\nDriver info: org.openqa.selenium.chrome.ChromeDriver\nCapabilities {acceptInsecureCerts: false, browserName: chrome, browserVersion: 88.0.4324.182, chrome: {chromedriverVersion: 88.0.4324.96 (68dba2d8a0b14..., userDataDir: /var/folders/qy/whrt3trd531...}, goog:chromeOptions: {debuggerAddress: localhost:50601}, javascriptEnabled: true, networkConnectionEnabled: false, pageLoadStrategy: normal, platform: MAC, platformName: MAC, proxy: Proxy(), setWindowRect: true, strictFileInteractability: false, timeouts: {implicit: 0, pageLoad: 300000, script: 30000}, unhandledPromptBehavior: dismiss and notify, webauthn:extension:largeBlob: true, webauthn:virtualAuthenticators: true}\nSession ID: ce422c3cb682cd068e3bbe7ebc44ebfa\n*** Element info: {Using\u003did, value\u003dinputEmail}\n\tat sun.reflect.NativeConstructorAccessorImpl.newInstance0(Native Method)\n\tat sun.reflect.NativeConstructorAccessorImpl.newInstance(NativeConstructorAccessorImpl.java:62)\n\tat sun.reflect.DelegatingConstructorAccessorImpl.newInstance(DelegatingConstructorAccessorImpl.java:45)\n\tat java.lang.reflect.Constructor.newInstance(Constructor.java:423)\n\tat org.openqa.selenium.remote.http.W3CHttpResponseCodec.createException(W3CHttpResponseCodec.java:187)\n\tat org.openqa.selenium.remote.http.W3CHttpResponseCodec.decode(W3CHttpResponseCodec.java:122)\n\tat org.openqa.selenium.remote.http.W3CHttpResponseCodec.decode(W3CHttpResponseCodec.java:49)\n\tat org.openqa.selenium.remote.HttpCommandExecutor.execute(HttpCommandExecutor.java:158)\n\tat org.openqa.selenium.remote.service.DriverCommandExecutor.execute(DriverCommandExecutor.java:83)\n\tat org.openqa.selenium.remote.RemoteWebDriver.execute(RemoteWebDriver.java:552)\n\tat org.openqa.selenium.remote.RemoteWebDriver.findElement(RemoteWebDriver.java:323)\n\tat org.openqa.selenium.remote.RemoteWebDriver.findElementById(RemoteWebDriver.java:372)\n\tat org.openqa.selenium.By$ById.findElement(By.java:188)\n\tat org.openqa.selenium.remote.RemoteWebDriver.findElement(RemoteWebDriver.java:315)\n\tat org.openqa.selenium.support.pagefactory.DefaultElementLocator.findElement(DefaultElementLocator.java:69)\n\tat org.openqa.selenium.support.pagefactory.internal.LocatingElementHandler.invoke(LocatingElementHandler.java:38)\n\tat com.sun.proxy.$Proxy15.sendKeys(Unknown Source)\n\tat com.LibraryCT.pages.LoginPage.loginToLibraryApp_Librarian(LoginPage.java:30)\n\tat com.LibraryCT.step_definitions.ShowBookRecord_StepDefinitions.user_logged_in_as_librarian(ShowBookRecord_StepDefinitions.java:25)\n\tat ✽.User logged in as librarian(file:///Users/anaganna/Desktop/libraryCT_b21/src/test/resources/features/ShowBookRecord.feature:12)\n",
              "duration": 202000000,
              "status": "failed"
            },
            "line": 12,
            "name": "User logged in as librarian",
            "match": {
              "location": "com.LibraryCT.step_definitions.ShowBookRecord_StepDefinitions.user_logged_in_as_librarian()"
            },
            "keyword": "Given "
          },
          {
            "result": {
              "duration": 1000000,
              "status": "skipped"
            },
            "line": 13,
            "name": "User click on \"Users\" link",
            "match": {
              "arguments": [
                {
                  "val": "\"Users\"",
                  "offset": 14
                }
              ],
              "location": "com.LibraryCT.step_definitions.ShowBookRecord_StepDefinitions.user_click_on_link(java.lang.String)"
            },
            "keyword": "When "
          },
          {
            "result": {
              "status": "skipped"
            },
            "line": 14,
            "name": "Show records for \"50\" option see \"50\" of books",
            "match": {
              "arguments": [
                {
                  "val": "\"50\"",
                  "offset": 17
                },
                {
                  "val": "\"50\"",
                  "offset": 33
                }
              ],
              "location": "com.LibraryCT.step_definitions.ShowBookRecord_StepDefinitions.showRecordsForOptionSeeOfBooks(java.lang.String,java.lang.String)"
            },
            "keyword": "Then "
          }
        ],
        "tags": [
          {
            "name": "@1"
          },
          {
            "name": "@we"
          }
        ]
      },
      {
        "start_timestamp": "2021-02-21T15:52:58.098Z",
        "line": 21,
        "name": "Show records for count options",
        "description": "",
        "id": "as-a-librarian--i-should-be-able-to-see-book-records-on-user-page;show-records-for-count-options;;6",
        "type": "scenario",
        "keyword": "Scenario Outline",
        "steps": [
          {
            "result": {
              "error_message": "org.openqa.selenium.NoSuchElementException: no such element: Unable to locate element: {\"method\":\"css selector\",\"selector\":\"#inputEmail\"}\n  (Session info: chrome\u003d88.0.4324.182)\nFor documentation on this error, please visit: https://www.seleniumhq.org/exceptions/no_such_element.html\nBuild info: version: \u00273.141.59\u0027, revision: \u0027e82be7d358\u0027, time: \u00272018-11-14T08:17:03\u0027\nSystem info: host: \u0027Anas-MacBook-Pro.local\u0027, ip: \u00272601:240:c900:aba0:0:0:0:ca94%en0\u0027, os.name: \u0027Mac OS X\u0027, os.arch: \u0027x86_64\u0027, os.version: \u002710.15.7\u0027, java.version: \u00271.8.0_231\u0027\nDriver info: org.openqa.selenium.chrome.ChromeDriver\nCapabilities {acceptInsecureCerts: false, browserName: chrome, browserVersion: 88.0.4324.182, chrome: {chromedriverVersion: 88.0.4324.96 (68dba2d8a0b14..., userDataDir: /var/folders/qy/whrt3trd531...}, goog:chromeOptions: {debuggerAddress: localhost:50601}, javascriptEnabled: true, networkConnectionEnabled: false, pageLoadStrategy: normal, platform: MAC, platformName: MAC, proxy: Proxy(), setWindowRect: true, strictFileInteractability: false, timeouts: {implicit: 0, pageLoad: 300000, script: 30000}, unhandledPromptBehavior: dismiss and notify, webauthn:extension:largeBlob: true, webauthn:virtualAuthenticators: true}\nSession ID: ce422c3cb682cd068e3bbe7ebc44ebfa\n*** Element info: {Using\u003did, value\u003dinputEmail}\n\tat sun.reflect.NativeConstructorAccessorImpl.newInstance0(Native Method)\n\tat sun.reflect.NativeConstructorAccessorImpl.newInstance(NativeConstructorAccessorImpl.java:62)\n\tat sun.reflect.DelegatingConstructorAccessorImpl.newInstance(DelegatingConstructorAccessorImpl.java:45)\n\tat java.lang.reflect.Constructor.newInstance(Constructor.java:423)\n\tat org.openqa.selenium.remote.http.W3CHttpResponseCodec.createException(W3CHttpResponseCodec.java:187)\n\tat org.openqa.selenium.remote.http.W3CHttpResponseCodec.decode(W3CHttpResponseCodec.java:122)\n\tat org.openqa.selenium.remote.http.W3CHttpResponseCodec.decode(W3CHttpResponseCodec.java:49)\n\tat org.openqa.selenium.remote.HttpCommandExecutor.execute(HttpCommandExecutor.java:158)\n\tat org.openqa.selenium.remote.service.DriverCommandExecutor.execute(DriverCommandExecutor.java:83)\n\tat org.openqa.selenium.remote.RemoteWebDriver.execute(RemoteWebDriver.java:552)\n\tat org.openqa.selenium.remote.RemoteWebDriver.findElement(RemoteWebDriver.java:323)\n\tat org.openqa.selenium.remote.RemoteWebDriver.findElementById(RemoteWebDriver.java:372)\n\tat org.openqa.selenium.By$ById.findElement(By.java:188)\n\tat org.openqa.selenium.remote.RemoteWebDriver.findElement(RemoteWebDriver.java:315)\n\tat org.openqa.selenium.support.pagefactory.DefaultElementLocator.findElement(DefaultElementLocator.java:69)\n\tat org.openqa.selenium.support.pagefactory.internal.LocatingElementHandler.invoke(LocatingElementHandler.java:38)\n\tat com.sun.proxy.$Proxy15.sendKeys(Unknown Source)\n\tat com.LibraryCT.pages.LoginPage.loginToLibraryApp_Librarian(LoginPage.java:30)\n\tat com.LibraryCT.step_definitions.ShowBookRecord_StepDefinitions.user_logged_in_as_librarian(ShowBookRecord_StepDefinitions.java:25)\n\tat ✽.User logged in as librarian(file:///Users/anaganna/Desktop/libraryCT_b21/src/test/resources/features/ShowBookRecord.feature:12)\n",
              "duration": 261000000,
              "status": "failed"
            },
            "line": 12,
            "name": "User logged in as librarian",
            "match": {
              "location": "com.LibraryCT.step_definitions.ShowBookRecord_StepDefinitions.user_logged_in_as_librarian()"
            },
            "keyword": "Given "
          },
          {
            "result": {
              "status": "skipped"
            },
            "line": 13,
            "name": "User click on \"Users\" link",
            "match": {
              "arguments": [
                {
                  "val": "\"Users\"",
                  "offset": 14
                }
              ],
              "location": "com.LibraryCT.step_definitions.ShowBookRecord_StepDefinitions.user_click_on_link(java.lang.String)"
            },
            "keyword": "When "
          },
          {
            "result": {
              "duration": 1000000,
              "status": "skipped"
            },
            "line": 14,
            "name": "Show records for \"100\" option see \"100\" of books",
            "match": {
              "arguments": [
                {
                  "val": "\"100\"",
                  "offset": 17
                },
                {
                  "val": "\"100\"",
                  "offset": 34
                }
              ],
              "location": "com.LibraryCT.step_definitions.ShowBookRecord_StepDefinitions.showRecordsForOptionSeeOfBooks(java.lang.String,java.lang.String)"
            },
            "keyword": "Then "
          }
        ],
        "tags": [
          {
            "name": "@1"
          },
          {
            "name": "@we"
          }
        ]
      },
      {
        "start_timestamp": "2021-02-21T15:52:58.382Z",
        "line": 22,
        "name": "Show records for count options",
        "description": "",
        "id": "as-a-librarian--i-should-be-able-to-see-book-records-on-user-page;show-records-for-count-options;;7",
        "type": "scenario",
        "keyword": "Scenario Outline",
        "steps": [
          {
            "result": {
              "error_message": "org.openqa.selenium.NoSuchElementException: no such element: Unable to locate element: {\"method\":\"css selector\",\"selector\":\"#inputEmail\"}\n  (Session info: chrome\u003d88.0.4324.182)\nFor documentation on this error, please visit: https://www.seleniumhq.org/exceptions/no_such_element.html\nBuild info: version: \u00273.141.59\u0027, revision: \u0027e82be7d358\u0027, time: \u00272018-11-14T08:17:03\u0027\nSystem info: host: \u0027Anas-MacBook-Pro.local\u0027, ip: \u00272601:240:c900:aba0:0:0:0:ca94%en0\u0027, os.name: \u0027Mac OS X\u0027, os.arch: \u0027x86_64\u0027, os.version: \u002710.15.7\u0027, java.version: \u00271.8.0_231\u0027\nDriver info: org.openqa.selenium.chrome.ChromeDriver\nCapabilities {acceptInsecureCerts: false, browserName: chrome, browserVersion: 88.0.4324.182, chrome: {chromedriverVersion: 88.0.4324.96 (68dba2d8a0b14..., userDataDir: /var/folders/qy/whrt3trd531...}, goog:chromeOptions: {debuggerAddress: localhost:50601}, javascriptEnabled: true, networkConnectionEnabled: false, pageLoadStrategy: normal, platform: MAC, platformName: MAC, proxy: Proxy(), setWindowRect: true, strictFileInteractability: false, timeouts: {implicit: 0, pageLoad: 300000, script: 30000}, unhandledPromptBehavior: dismiss and notify, webauthn:extension:largeBlob: true, webauthn:virtualAuthenticators: true}\nSession ID: ce422c3cb682cd068e3bbe7ebc44ebfa\n*** Element info: {Using\u003did, value\u003dinputEmail}\n\tat sun.reflect.NativeConstructorAccessorImpl.newInstance0(Native Method)\n\tat sun.reflect.NativeConstructorAccessorImpl.newInstance(NativeConstructorAccessorImpl.java:62)\n\tat sun.reflect.DelegatingConstructorAccessorImpl.newInstance(DelegatingConstructorAccessorImpl.java:45)\n\tat java.lang.reflect.Constructor.newInstance(Constructor.java:423)\n\tat org.openqa.selenium.remote.http.W3CHttpResponseCodec.createException(W3CHttpResponseCodec.java:187)\n\tat org.openqa.selenium.remote.http.W3CHttpResponseCodec.decode(W3CHttpResponseCodec.java:122)\n\tat org.openqa.selenium.remote.http.W3CHttpResponseCodec.decode(W3CHttpResponseCodec.java:49)\n\tat org.openqa.selenium.remote.HttpCommandExecutor.execute(HttpCommandExecutor.java:158)\n\tat org.openqa.selenium.remote.service.DriverCommandExecutor.execute(DriverCommandExecutor.java:83)\n\tat org.openqa.selenium.remote.RemoteWebDriver.execute(RemoteWebDriver.java:552)\n\tat org.openqa.selenium.remote.RemoteWebDriver.findElement(RemoteWebDriver.java:323)\n\tat org.openqa.selenium.remote.RemoteWebDriver.findElementById(RemoteWebDriver.java:372)\n\tat org.openqa.selenium.By$ById.findElement(By.java:188)\n\tat org.openqa.selenium.remote.RemoteWebDriver.findElement(RemoteWebDriver.java:315)\n\tat org.openqa.selenium.support.pagefactory.DefaultElementLocator.findElement(DefaultElementLocator.java:69)\n\tat org.openqa.selenium.support.pagefactory.internal.LocatingElementHandler.invoke(LocatingElementHandler.java:38)\n\tat com.sun.proxy.$Proxy15.sendKeys(Unknown Source)\n\tat com.LibraryCT.pages.LoginPage.loginToLibraryApp_Librarian(LoginPage.java:30)\n\tat com.LibraryCT.step_definitions.ShowBookRecord_StepDefinitions.user_logged_in_as_librarian(ShowBookRecord_StepDefinitions.java:25)\n\tat ✽.User logged in as librarian(file:///Users/anaganna/Desktop/libraryCT_b21/src/test/resources/features/ShowBookRecord.feature:12)\n",
              "duration": 204000000,
              "status": "failed"
            },
            "line": 12,
            "name": "User logged in as librarian",
            "match": {
              "location": "com.LibraryCT.step_definitions.ShowBookRecord_StepDefinitions.user_logged_in_as_librarian()"
            },
            "keyword": "Given "
          },
          {
            "result": {
              "duration": 1000000,
              "status": "skipped"
            },
            "line": 13,
            "name": "User click on \"Users\" link",
            "match": {
              "arguments": [
                {
                  "val": "\"Users\"",
                  "offset": 14
                }
              ],
              "location": "com.LibraryCT.step_definitions.ShowBookRecord_StepDefinitions.user_click_on_link(java.lang.String)"
            },
            "keyword": "When "
          },
          {
            "result": {
              "status": "skipped"
            },
            "line": 14,
            "name": "Show records for \"200\" option see \"200\" of books",
            "match": {
              "arguments": [
                {
                  "val": "\"200\"",
                  "offset": 17
                },
                {
                  "val": "\"200\"",
                  "offset": 34
                }
              ],
              "location": "com.LibraryCT.step_definitions.ShowBookRecord_StepDefinitions.showRecordsForOptionSeeOfBooks(java.lang.String,java.lang.String)"
            },
            "keyword": "Then "
          }
        ],
        "tags": [
          {
            "name": "@1"
          },
          {
            "name": "@we"
          }
        ]
      },
      {
        "start_timestamp": "2021-02-21T15:52:58.599Z",
        "line": 23,
        "name": "Show records for count options",
        "description": "",
        "id": "as-a-librarian--i-should-be-able-to-see-book-records-on-user-page;show-records-for-count-options;;8",
        "type": "scenario",
        "keyword": "Scenario Outline",
        "steps": [
          {
            "result": {
              "error_message": "org.openqa.selenium.NoSuchElementException: no such element: Unable to locate element: {\"method\":\"css selector\",\"selector\":\"#inputEmail\"}\n  (Session info: chrome\u003d88.0.4324.182)\nFor documentation on this error, please visit: https://www.seleniumhq.org/exceptions/no_such_element.html\nBuild info: version: \u00273.141.59\u0027, revision: \u0027e82be7d358\u0027, time: \u00272018-11-14T08:17:03\u0027\nSystem info: host: \u0027Anas-MacBook-Pro.local\u0027, ip: \u00272601:240:c900:aba0:0:0:0:ca94%en0\u0027, os.name: \u0027Mac OS X\u0027, os.arch: \u0027x86_64\u0027, os.version: \u002710.15.7\u0027, java.version: \u00271.8.0_231\u0027\nDriver info: org.openqa.selenium.chrome.ChromeDriver\nCapabilities {acceptInsecureCerts: false, browserName: chrome, browserVersion: 88.0.4324.182, chrome: {chromedriverVersion: 88.0.4324.96 (68dba2d8a0b14..., userDataDir: /var/folders/qy/whrt3trd531...}, goog:chromeOptions: {debuggerAddress: localhost:50601}, javascriptEnabled: true, networkConnectionEnabled: false, pageLoadStrategy: normal, platform: MAC, platformName: MAC, proxy: Proxy(), setWindowRect: true, strictFileInteractability: false, timeouts: {implicit: 0, pageLoad: 300000, script: 30000}, unhandledPromptBehavior: dismiss and notify, webauthn:extension:largeBlob: true, webauthn:virtualAuthenticators: true}\nSession ID: ce422c3cb682cd068e3bbe7ebc44ebfa\n*** Element info: {Using\u003did, value\u003dinputEmail}\n\tat sun.reflect.NativeConstructorAccessorImpl.newInstance0(Native Method)\n\tat sun.reflect.NativeConstructorAccessorImpl.newInstance(NativeConstructorAccessorImpl.java:62)\n\tat sun.reflect.DelegatingConstructorAccessorImpl.newInstance(DelegatingConstructorAccessorImpl.java:45)\n\tat java.lang.reflect.Constructor.newInstance(Constructor.java:423)\n\tat org.openqa.selenium.remote.http.W3CHttpResponseCodec.createException(W3CHttpResponseCodec.java:187)\n\tat org.openqa.selenium.remote.http.W3CHttpResponseCodec.decode(W3CHttpResponseCodec.java:122)\n\tat org.openqa.selenium.remote.http.W3CHttpResponseCodec.decode(W3CHttpResponseCodec.java:49)\n\tat org.openqa.selenium.remote.HttpCommandExecutor.execute(HttpCommandExecutor.java:158)\n\tat org.openqa.selenium.remote.service.DriverCommandExecutor.execute(DriverCommandExecutor.java:83)\n\tat org.openqa.selenium.remote.RemoteWebDriver.execute(RemoteWebDriver.java:552)\n\tat org.openqa.selenium.remote.RemoteWebDriver.findElement(RemoteWebDriver.java:323)\n\tat org.openqa.selenium.remote.RemoteWebDriver.findElementById(RemoteWebDriver.java:372)\n\tat org.openqa.selenium.By$ById.findElement(By.java:188)\n\tat org.openqa.selenium.remote.RemoteWebDriver.findElement(RemoteWebDriver.java:315)\n\tat org.openqa.selenium.support.pagefactory.DefaultElementLocator.findElement(DefaultElementLocator.java:69)\n\tat org.openqa.selenium.support.pagefactory.internal.LocatingElementHandler.invoke(LocatingElementHandler.java:38)\n\tat com.sun.proxy.$Proxy15.sendKeys(Unknown Source)\n\tat com.LibraryCT.pages.LoginPage.loginToLibraryApp_Librarian(LoginPage.java:30)\n\tat com.LibraryCT.step_definitions.ShowBookRecord_StepDefinitions.user_logged_in_as_librarian(ShowBookRecord_StepDefinitions.java:25)\n\tat ✽.User logged in as librarian(file:///Users/anaganna/Desktop/libraryCT_b21/src/test/resources/features/ShowBookRecord.feature:12)\n",
              "duration": 206000000,
              "status": "failed"
            },
            "line": 12,
            "name": "User logged in as librarian",
            "match": {
              "location": "com.LibraryCT.step_definitions.ShowBookRecord_StepDefinitions.user_logged_in_as_librarian()"
            },
            "keyword": "Given "
          },
          {
            "result": {
              "duration": 1000000,
              "status": "skipped"
            },
            "line": 13,
            "name": "User click on \"Users\" link",
            "match": {
              "arguments": [
                {
                  "val": "\"Users\"",
                  "offset": 14
                }
              ],
              "location": "com.LibraryCT.step_definitions.ShowBookRecord_StepDefinitions.user_click_on_link(java.lang.String)"
            },
            "keyword": "When "
          },
          {
            "result": {
              "status": "skipped"
            },
            "line": 14,
            "name": "Show records for \"500\" option see \"500\" of books",
            "match": {
              "arguments": [
                {
                  "val": "\"500\"",
                  "offset": 17
                },
                {
                  "val": "\"500\"",
                  "offset": 34
                }
              ],
              "location": "com.LibraryCT.step_definitions.ShowBookRecord_StepDefinitions.showRecordsForOptionSeeOfBooks(java.lang.String,java.lang.String)"
            },
            "keyword": "Then "
          }
        ],
        "tags": [
          {
            "name": "@1"
          },
          {
            "name": "@we"
          }
        ]
      }
    ],
    "name": "As a librarian, I should be able to see book records on user page",
    "description": "",
    "id": "as-a-librarian--i-should-be-able-to-see-book-records-on-user-page",
    "keyword": "Feature",
    "uri": "file:src/test/resources/features/ShowBookRecord.feature",
    "tags": [
      {
        "name": "@1",
        "type": "Tag",
        "location": {
          "line": 1,
          "column": 1
        }
      }
    ]
  }
]